
=== Tue Nov 27 13:45:27 2018

Packages were changed.
Update Mode: updateDependencies

The following packages were added:
  com.unity.collab-proxy@1.2.11
The following packages were updated:
  com.unity.analytics from version 2.0.16 to 3.2.2
  com.unity.package-manager-ui from version 1.9.11 to 2.0.3
  com.unity.textmeshpro from version 1.2.4 to 1.3.0

=== Fri Dec 14 14:41:12 2018

Packages were changed.
Update Mode: updateDependencies

The following packages were updated:
  com.unity.ads from version 2.0.8 to 2.3.1
  com.unity.collab-proxy from version 1.2.11 to 1.2.15

=== Mon Apr 15 15:12:56 2019

Packages were changed.
Update Mode: updateDependencies

The following packages were added:
  com.unity.timeline@1.0.0
  com.unity.multiplayer-hlapi@1.0.2
  com.unity.xr.legacyinputhelpers@2.0.2
The following packages were updated:
  com.unity.analytics from version 3.2.2 to 3.3.2
  com.unity.package-manager-ui from version 2.0.7 to 2.1.2
  com.unity.textmeshpro from version 1.3.0 to 2.0.0

=== Tue Oct  1 22:35:05 2019

Packages were changed.
Update Mode: updateDependencies

The following packages were added:
  com.unity.2d.tilemap@1.0.0
  com.unity.test-framework@1.1.1
  com.unity.2d.sprite@1.0.0
  com.unity.ide.vscode@1.0.7
  com.unity.ide.rider@1.1.0
  com.unity.ugui@1.0.0
  com.unity.modules.androidjni@1.0.0
The following packages were updated:
  com.unity.addressables from version 0.8.6-preview to 1.1.10
  com.unity.multiplayer-hlapi from version 1.0.2 to 1.0.4
  com.unity.timeline from version 1.0.0 to 1.2.2
The following packages were removed:
  com.unity.package-manager-ui@2.1.2

=== Fri Jan  3 00:25:59 2020

Packages were changed.
Update Mode: updateDependencies

The following packages were updated:
  com.unity.ide.rider from version 1.1.1 to 1.1.4
  com.unity.ide.vscode from version 1.0.7 to 1.1.3
  com.unity.render-pipelines.universal from version 7.0.1 to 7.1.6
  com.unity.timeline from version 1.2.2 to 1.2.6
